<?xml version="1.0" encoding="UTF-8"?>
<!-- Generated by org.testng.reporters.JUnitXMLReporter -->
<testsuite hostname="Mahesh-Biswal" ignored="4" name="Test" tests="1" failures="0" timestamp="2023-04-03T10:14:43 IST" time="0.061" errors="0">
  <testcase name="m3" time="0.01" classname="GINGA_ka_Jhore.Login_Test"/>
  <testcase name="m5" time="0.0" classname="GINGA_ka_Jhore.Login_Test">
    <ignored/>
  </testcase> <!-- m5 -->
  <testcase name="test" time="0.0" classname="GINGA_ka_Jhore.ParameterTests">
    <ignored/>
  </testcase> <!-- test -->
  <testcase name="m1" time="0.0" classname="GINGA_ka_Jhore.Login_Test">
    <ignored/>
  </testcase> <!-- m1 -->
  <testcase name="m2" time="0.0" classname="GINGA_ka_Jhore.Login_Test">
    <ignored/>
  </testcase> <!-- m2 -->
</testsuite> <!-- Test -->
