<?xml version="1.0" encoding="UTF-8"?>
<!-- Generated by org.testng.reporters.JUnitXMLReporter -->
<testsuite ignored="0" hostname="Mahesh-Biswal" failures="0" tests="4" name="Default test" time="0.082" errors="0" timestamp="2023-04-05T09:30:57 IST">
  <testcase classname="GINGA_ka_Jhore.Login_Test" name="m1" time="0.012"/>
  <testcase classname="GINGA_ka_Jhore.Login_Test" name="m2" time="0.003"/>
  <testcase classname="GINGA_ka_Jhore.Login_Test" name="m3" time="0.004"/>
  <testcase classname="GINGA_ka_Jhore.Login_Test" name="m5" time="0.003"/>
</testsuite> <!-- Default test -->
