<?xml version="1.0" encoding="UTF-8"?>
<testng-results skipped="0" failed="0" ignored="0" total="1" passed="1">
  <reporter-output>
  </reporter-output>
  <suite name="Default suite" duration-ms="61" started-at="2023-04-03T10:15:50 IST" finished-at="2023-04-03T10:15:50 IST">
    <groups>
      <group name="smoke">
        <method signature="ParameterTests.test()[pri:0, instance:GINGA_ka_Jhore.ParameterTests@1a8a8f7c]" name="test" class="GINGA_ka_Jhore.ParameterTests"/>
      </group> <!-- smoke -->
    </groups>
    <test name="Default test" duration-ms="61" started-at="2023-04-03T10:15:50 IST" finished-at="2023-04-03T10:15:50 IST">
      <class name="GINGA_ka_Jhore.ParameterTests">
        <test-method status="PASS" signature="test()[pri:0, instance:GINGA_ka_Jhore.ParameterTests@1a8a8f7c]" name="test" duration-ms="9" started-at="2023-04-03T10:15:50 IST" finished-at="2023-04-03T10:15:50 IST">
          <reporter-output>
          </reporter-output>
        </test-method> <!-- test -->
      </class> <!-- GINGA_ka_Jhore.ParameterTests -->
    </test> <!-- Default test -->
  </suite> <!-- Default suite -->
</testng-results>
